18:41:16.465 [main] INFO  testCases.TC001_AccountRegistrationTest - Providing customer details...
18:41:20.159 [main] INFO  testCases.TC001_AccountRegistrationTest - Validating expected message...
18:41:20.240 [main] INFO  testCases.TC001_AccountRegistrationTest - ****** Finished TC001_AccountRegistrationTest ****
18:41:35.845 [main] INFO  testCases.TC002_LoginTest - ***** Starting TC_002_LoginTest****
18:41:39.173 [main] INFO  testCases.TC002_LoginTest - **** Finished TC_002_LoginTest***
18:45:52.246 [main] DEBUG org.testng.TestNG - suiteXmlPath: "C:\workspace eclipse\Workspace Selenium Automation\OpencartV121\grouping.xml"
18:45:52.910 [main] INFO  org.testng.internal.Utils - [TestNG] Running:
  C:\workspace eclipse\Workspace Selenium Automation\OpencartV121\grouping.xml

18:46:04.822 [main] INFO  testCases.TC001_AccountRegistrationTest - ***** Starting TC001_AccountRegistrationTest ****
18:46:05.174 [main] INFO  testCases.TC001_AccountRegistrationTest - Clicked on MyAccount Link 
18:46:06.418 [main] INFO  testCases.TC001_AccountRegistrationTest - Clicked on Register Link 
18:46:06.428 [main] INFO  testCases.TC001_AccountRegistrationTest - Providing customer details...
18:46:09.765 [main] INFO  testCases.TC001_AccountRegistrationTest - Validating expected message...
18:46:09.853 [main] INFO  testCases.TC001_AccountRegistrationTest - ****** Finished TC001_AccountRegistrationTest ****
18:46:27.132 [main] INFO  testCases.TC002_LoginTest - ***** Starting TC_002_LoginTest****
18:57:56.866 [main] DEBUG org.testng.TestNG - suiteXmlPath: "C:\workspace eclipse\Workspace Selenium Automation\OpencartV121\grouping.xml"
18:57:57.347 [main] INFO  org.testng.internal.Utils - [TestNG] Running:
  C:\workspace eclipse\Workspace Selenium Automation\OpencartV121\grouping.xml

18:58:11.063 [main] INFO  testCases.TC001_AccountRegistrationTest - ***** Starting TC001_AccountRegistrationTest ****
18:58:11.394 [main] INFO  testCases.TC001_AccountRegistrationTest - Clicked on MyAccount Link 
18:58:12.698 [main] INFO  testCases.TC001_AccountRegistrationTest - Clicked on Register Link 
18:58:12.706 [main] INFO  testCases.TC001_AccountRegistrationTest - Providing customer details...
18:58:16.344 [main] INFO  testCases.TC001_AccountRegistrationTest - Validating expected message...
18:58:16.428 [main] INFO  testCases.TC001_AccountRegistrationTest - ****** Finished TC001_AccountRegistrationTest ****
18:58:30.599 [main] INFO  testCases.TC002_LoginTest - ***** Starting TC_002_LoginTest****
19:01:27.797 [main] DEBUG org.testng.TestNG - suiteXmlPath: "C:\workspace eclipse\Workspace Selenium Automation\OpencartV121\test-output\testng-failed.xml"
19:01:28.259 [main] INFO  org.testng.internal.Utils - [TestNG] Running:
  C:\workspace eclipse\Workspace Selenium Automation\OpencartV121\test-output\testng-failed.xml

19:01:39.399 [main] INFO  testCases.TC002_LoginTest - ***** Starting TC_002_LoginTest****
19:01:42.471 [main] INFO  testCases.TC002_LoginTest - **** Finished TC_002_LoginTest***
19:15:08.033 [main] DEBUG org.testng.TestNG - suiteXmlPath: "C:\workspace eclipse\Workspace Selenium Automation\OpencartV121\master.xml"
19:15:08.328 [main] INFO  org.testng.internal.Utils - [TestNG] Running:
  C:\workspace eclipse\Workspace Selenium Automation\OpencartV121\master.xml

19:15:17.490 [main] INFO  testCases.TC001_AccountRegistrationTest - ***** Starting TC001_AccountRegistrationTest ****
19:15:17.753 [main] INFO  testCases.TC001_AccountRegistrationTest - Clicked on MyAccount Link 
19:15:18.270 [main] INFO  testCases.TC001_AccountRegistrationTest - Clicked on Register Link 
19:15:18.277 [main] INFO  testCases.TC001_AccountRegistrationTest - Providing customer details...
19:15:19.275 [main] INFO  testCases.TC001_AccountRegistrationTest - Validating expected message...
19:15:20.167 [main] INFO  testCases.TC001_AccountRegistrationTest - ****** Finished TC001_AccountRegistrationTest ****
19:15:26.883 [main] INFO  testCases.TC002_LoginTest - ***** Starting TC_002_LoginTest****
19:15:28.769 [main] INFO  testCases.TC002_LoginTest - **** Finished TC_002_LoginTest***
19:31:09.169 [main] DEBUG org.testng.TestNG - suiteXmlPath: "C:\workspace eclipse\Workspace Selenium Automation\OpencartV121\master.xml"
19:31:09.460 [main] INFO  org.testng.internal.Utils - [TestNG] Running:
  C:\workspace eclipse\Workspace Selenium Automation\OpencartV121\master.xml

19:31:19.141 [main] INFO  testCases.TC001_AccountRegistrationTest - ***** Starting TC001_AccountRegistrationTest ****
19:31:19.436 [main] INFO  testCases.TC001_AccountRegistrationTest - Clicked on MyAccount Link 
19:31:20.016 [main] INFO  testCases.TC001_AccountRegistrationTest - Clicked on Register Link 
19:31:20.021 [main] INFO  testCases.TC001_AccountRegistrationTest - Providing customer details...
19:31:22.118 [main] INFO  testCases.TC001_AccountRegistrationTest - Validating expected message...
19:31:22.207 [main] INFO  testCases.TC001_AccountRegistrationTest - ****** Finished TC001_AccountRegistrationTest ****
19:31:28.786 [main] INFO  testCases.TC002_LoginTest - ***** Starting TC_002_LoginTest****
19:31:30.661 [main] INFO  testCases.TC002_LoginTest - **** Finished TC_002_LoginTest***
19:33:23.646 [main] DEBUG org.testng.TestNG - suiteXmlPath: "C:\workspace eclipse\Workspace Selenium Automation\OpencartV121\master.xml"
19:33:23.890 [main] INFO  org.testng.internal.Utils - [TestNG] Running:
  C:\workspace eclipse\Workspace Selenium Automation\OpencartV121\master.xml

19:33:34.096 [main] INFO  testCases.TC001_AccountRegistrationTest - ***** Starting TC001_AccountRegistrationTest ****
19:33:34.349 [main] INFO  testCases.TC001_AccountRegistrationTest - Clicked on MyAccount Link 
19:33:35.168 [main] INFO  testCases.TC001_AccountRegistrationTest - Clicked on Register Link 
19:33:35.173 [main] INFO  testCases.TC001_AccountRegistrationTest - Providing customer details...
19:33:37.460 [main] INFO  testCases.TC001_AccountRegistrationTest - Validating expected message...
19:33:37.525 [main] INFO  testCases.TC001_AccountRegistrationTest - ****** Finished TC001_AccountRegistrationTest ****
19:33:45.835 [main] INFO  testCases.TC002_LoginTest - ***** Starting TC_002_LoginTest****
19:33:48.089 [main] INFO  testCases.TC002_LoginTest - **** Finished TC_002_LoginTest***
19:35:53.929 [main] DEBUG org.testng.TestNG - suiteXmlPath: "C:\workspace eclipse\Workspace Selenium Automation\OpencartV121\crossbrowsertesting.xml"
19:35:54.179 [main] INFO  org.testng.internal.Utils - [TestNG] Running:
  C:\workspace eclipse\Workspace Selenium Automation\OpencartV121\crossbrowsertesting.xml

19:35:54.345 [TestNG-tests-3] INFO  testCases.TC001_AccountRegistrationTest - ***** Starting TC001_AccountRegistrationTest ****
19:36:03.623 [TestNG-tests-1] INFO  testCases.TC001_AccountRegistrationTest - ***** Starting TC001_AccountRegistrationTest ****
19:36:03.875 [TestNG-tests-1] INFO  testCases.TC001_AccountRegistrationTest - Clicked on MyAccount Link 
19:36:07.510 [TestNG-tests-1] INFO  testCases.TC001_AccountRegistrationTest - Clicked on Register Link 
19:36:07.518 [TestNG-tests-1] INFO  testCases.TC001_AccountRegistrationTest - Providing customer details...
13:23:06.850 [main] DEBUG org.testng.TestNG - suiteXmlPath: "C:\workspace eclipse\Workspace Selenium Automation\OpencartV121\master.xml"
13:26:06.799 [main] DEBUG org.testng.TestNG - suiteXmlPath: "C:\workspace eclipse\Workspace Selenium Automation\OpencartV121\master.xml"
13:27:19.597 [main] DEBUG org.testng.TestNG - suiteXmlPath: "C:\workspace eclipse\Workspace Selenium Automation\OpencartV121\master.xml"
13:28:11.260 [main] DEBUG org.testng.TestNG - suiteXmlPath: "C:\workspace eclipse\Workspace Selenium Automation\OpencartV121\master.xml"
13:28:11.483 [main] INFO  org.testng.internal.Utils - [TestNG] Running:
  C:\workspace eclipse\Workspace Selenium Automation\OpencartV121\master.xml

14:11:06.492 [main] DEBUG org.testng.TestNG - suiteXmlPath: "C:\workspace eclipse\Workspace Selenium Automation\OpencartV121\master.xml"
